Flow report for Loop_LED
Sun Jun 02 00:20:28 2024
Quartus II Version 7.2 Build 175 11/20/2007 Service Pack 1 SJ Full Version


---------------------
; Table of Contents ;
---------------------
  1. Legal Notice
  2. Flow Summary
  3. Flow Settings
  4. Flow Non-Default Global Settings
  5. Flow Elapsed Time
  6. Flow Log



----------------
; Legal Notice ;
----------------
Copyright (C) 1991-2007 Altera Corporation
Your use of Altera Corporation's design tools, logic functions 
and other software and tools, and its AMPP partner logic 
functions, and any output files from any of the foregoing 
(including device programming or simulation files), and any 
associated documentation or information are expressly subject 
to the terms and conditions of the Altera Program License 
Subscription Agreement, Altera MegaCore Function License 
Agreement, or other applicable license agreement, including, 
without limitation, that your use is for the sole purpose of 
programming logic devices manufactured by Altera and sold by 
Altera or its authorized distributors.  Please refer to the 
applicable agreement for further details.



+--------------------------------------------------------------------------+
; Flow Summary                                                             ;
+--------------------------+-----------------------------------------------+
; Flow Status              ; Successful - Sun Jun 02 00:20:28 2024         ;
; Quartus II Version       ; 7.2 Build 175 11/20/2007 SP 1 SJ Full Version ;
; Revision Name            ; Loop_LED                                      ;
; Top-level Entity Name    ; Loop_LED                                      ;
; Family                   ; Cyclone                                       ;
; Device                   ; EP1C3T144I7                                   ;
; Timing Models            ; Final                                         ;
; Met timing requirements  ; Yes                                           ;
; Total logic elements     ; 676 / 2,910 ( 23 % )                          ;
; Total pins               ; 12 / 104 ( 12 % )                             ;
; Total virtual pins       ; 7                                             ;
; Total memory bits        ; 896 / 59,904 ( 1 % )                          ;
; DSP block 9-bit elements ; N/A until Partition Merge                     ;
; Total PLLs               ; 0 / 1 ( 0 % )                                 ;
; Total DLLs               ; N/A until Partition Merge                     ;
+--------------------------+-----------------------------------------------+


+-----------------------------------------+
; Flow Settings                           ;
+-------------------+---------------------+
; Option            ; Setting             ;
+-------------------+---------------------+
; Start date & time ; 06/02/2024 00:20:20 ;
; Main task         ; Compilation         ;
; Revision Name     ; Loop_LED            ;
+-------------------+---------------------+


+-----------------------------------------------------------------------------------------------------------------------------------------------------+
; Flow Non-Default Global Settings                                                                                                                    ;
+------------------------------------+---------------------------------------------------------------+---------------+-------------+------------------+
; Assignment Name                    ; Value                                                         ; Default Value ; Entity Name ; Section Id       ;
+------------------------------------+---------------------------------------------------------------+---------------+-------------+------------------+
; ENABLE_SIGNALTAP                   ; On                                                            ; --            ; --          ; --               ;
; PARTITION_COLOR                    ; 2147039                                                       ; --            ; --          ; Top              ;
; PARTITION_NETLIST_TYPE             ; SOURCE                                                        ; --            ; --          ; Top              ;
; SLD_NODE_CREATOR_ID                ; 110                                                           ; --            ; --          ; auto_signaltap_0 ;
; SLD_NODE_ENTITY_NAME               ; sld_signaltap                                                 ; --            ; --          ; auto_signaltap_0 ;
; SLD_NODE_PARAMETER_ASSIGNMENT      ; SLD_DATA_BITS=7                                               ; --            ; --          ; auto_signaltap_0 ;
; SLD_NODE_PARAMETER_ASSIGNMENT      ; SLD_TRIGGER_BITS=7                                            ; --            ; --          ; auto_signaltap_0 ;
; SLD_NODE_PARAMETER_ASSIGNMENT      ; SLD_NODE_INFO=805334528                                       ; --            ; --          ; auto_signaltap_0 ;
; SLD_NODE_PARAMETER_ASSIGNMENT      ; SLD_POWER_UP_TRIGGER=0                                        ; --            ; --          ; auto_signaltap_0 ;
; SLD_NODE_PARAMETER_ASSIGNMENT      ; SLD_INVERSION_MASK=000000000000000000000000000000000000000000 ; --            ; --          ; auto_signaltap_0 ;
; SLD_NODE_PARAMETER_ASSIGNMENT      ; SLD_INVERSION_MASK_LENGTH=42                                  ; --            ; --          ; auto_signaltap_0 ;
; SLD_NODE_PARAMETER_ASSIGNMENT      ; SLD_SEGMENT_SIZE=128                                          ; --            ; --          ; auto_signaltap_0 ;
; SLD_NODE_PARAMETER_ASSIGNMENT      ; SLD_STATE_FLOW_USE_GENERATED=0                                ; --            ; --          ; auto_signaltap_0 ;
; SLD_NODE_PARAMETER_ASSIGNMENT      ; SLD_STATE_BITS=11                                             ; --            ; --          ; auto_signaltap_0 ;
; SLD_NODE_PARAMETER_ASSIGNMENT      ; SLD_BUFFER_FULL_STOP=1                                        ; --            ; --          ; auto_signaltap_0 ;
; SLD_NODE_PARAMETER_ASSIGNMENT      ; SLD_CURRENT_RESOURCE_WIDTH=1                                  ; --            ; --          ; auto_signaltap_0 ;
; SLD_NODE_PARAMETER_ASSIGNMENT      ; SLD_NODE_CRC_LOWORD=18207                                     ; --            ; --          ; auto_signaltap_0 ;
; SLD_NODE_PARAMETER_ASSIGNMENT      ; SLD_NODE_CRC_HIWORD=61861                                     ; --            ; --          ; auto_signaltap_0 ;
; SLD_NODE_PARAMETER_ASSIGNMENT      ; SLD_TRIGGER_LEVEL=1                                           ; --            ; --          ; auto_signaltap_0 ;
; SLD_NODE_PARAMETER_ASSIGNMENT      ; SLD_SAMPLE_DEPTH=128                                          ; --            ; --          ; auto_signaltap_0 ;
; SLD_NODE_PARAMETER_ASSIGNMENT      ; SLD_TRIGGER_IN_ENABLED=0                                      ; --            ; --          ; auto_signaltap_0 ;
; SLD_NODE_PARAMETER_ASSIGNMENT      ; SLD_ADVANCED_TRIGGER_ENTITY=basic,1,                          ; --            ; --          ; auto_signaltap_0 ;
; SLD_NODE_PARAMETER_ASSIGNMENT      ; SLD_TRIGGER_LEVEL_PIPELINE=1                                  ; --            ; --          ; auto_signaltap_0 ;
; SLD_NODE_PARAMETER_ASSIGNMENT      ; SLD_ENABLE_ADVANCED_TRIGGER=0                                 ; --            ; --          ; auto_signaltap_0 ;
; USE_GENERATED_PHYSICAL_CONSTRAINTS ; Off                                                           ; --            ; --          ; eda_palace       ;
; USE_SIGNALTAP_FILE                 ; Loop_LED.stp                                                  ; --            ; --          ; --               ;
+------------------------------------+---------------------------------------------------------------+---------------+-------------+------------------+


+------------------------------------------------------------------+
; Flow Elapsed Time                                                ;
+-------------------------+--------------+-------------------------+
; Module Name             ; Elapsed Time ; Average Processors Used ;
+-------------------------+--------------+-------------------------+
; Analysis & Synthesis    ; 00:00:04     ; 1.0                     ;
; Fitter                  ; 00:00:01     ; 1.0                     ;
; Assembler               ; 00:00:00     ; 1.0                     ;
; Classic Timing Analyzer ; 00:00:00     ; 1.0                     ;
; Total                   ; 00:00:05     ; --                      ;
+-------------------------+--------------+-------------------------+


------------
; Flow Log ;
------------
quartus_map --read_settings_files=on --write_settings_files=off Loop_LED -c Loop_LED
quartus_fit --read_settings_files=off --write_settings_files=off Loop_LED -c Loop_LED
quartus_asm --read_settings_files=off --write_settings_files=off Loop_LED -c Loop_LED
quartus_tan --read_settings_files=off --write_settings_files=off Loop_LED -c Loop_LED --timing_analysis_only



